<?xml version="1.0" encoding="UTF-8"?>
<!-- Generated by org.testng.reporters.JUnitReportReporter -->
<testsuite skipped="0" hostname="Chetuiwk1076" name="com.test.jenkins.JenkinsTest.App" tests="1" failures="0" timestamp="01 Oct 2018 14:35:26 GMT" time="27.616" errors="0">
  <testcase name="test" time="27.616" classname="com.test.jenkins.JenkinsTest.App"/>
</testsuite> <!-- com.test.jenkins.JenkinsTest.App -->
