<?xml version="1.0" encoding="UTF-8"?>
<!-- Generated by org.testng.reporters.JUnitReportReporter -->
<testsuite skipped="0" hostname="Chetuiwk1076" name="com.test.jenkins.JenkinsTest.App" tests="1" failures="0" timestamp="01 Oct 2018 17:39:32 GMT" time="9.215" errors="0">
  <testcase name="test" time="9.215" classname="com.test.jenkins.JenkinsTest.App"/>
</testsuite> <!-- com.test.jenkins.JenkinsTest.App -->
