<?xml version="1.0" encoding="UTF-8"?>
<!-- Generated by org.testng.reporters.JUnitReportReporter -->
<testsuite skipped="0" hostname="Chetuiwk1076" name="com.test.jenkins.JenkinsTest.App" tests="1" failures="0" timestamp="01 Oct 2018 16:01:27 GMT" time="17.634" errors="0">
  <testcase name="test" time="17.634" classname="com.test.jenkins.JenkinsTest.App"/>
</testsuite> <!-- com.test.jenkins.JenkinsTest.App -->
