<?xml version="1.0" encoding="UTF-8"?>
<!-- Generated by org.testng.reporters.JUnitReportReporter -->
<testsuite skipped="0" hostname="Chetuiwk1076" name="com.test.jenkins.JenkinsTest.App" tests="1" failures="0" timestamp="22 Nov 2018 13:12:48 GMT" time="10.499" errors="0">
  <testcase name="test" time="10.499" classname="com.test.jenkins.JenkinsTest.App"/>
</testsuite> <!-- com.test.jenkins.JenkinsTest.App -->
